f:\proj\runbat.exe\runbat\release\runbat.pch
f:\proj\runbat.exe\runbat\release\vc142.pdb
f:\proj\runbat.exe\runbat\release\pch.obj
f:\proj\runbat.exe\runbat\release\runbat.obj
f:\proj\runbat.exe\runbat\release\cmyini.obj
f:\proj\runbat.exe\release\runbat.exe
f:\proj\runbat.exe\release\runbat.pdb
f:\proj\runbat.exe\runbat\release\runbat.res
f:\proj\runbat.exe\release\runbat.ipdb
f:\proj\runbat.exe\release\runbat.iobj
f:\proj\runbat.exe\runbat\release\runbat.tlog\cl.command.1.tlog
f:\proj\runbat.exe\runbat\release\runbat.tlog\cl.read.1.tlog
f:\proj\runbat.exe\runbat\release\runbat.tlog\cl.write.1.tlog
f:\proj\runbat.exe\runbat\release\runbat.tlog\link.command.1.tlog
f:\proj\runbat.exe\runbat\release\runbat.tlog\link.read.1.tlog
f:\proj\runbat.exe\runbat\release\runbat.tlog\link.write.1.tlog
f:\proj\runbat.exe\runbat\release\runbat.tlog\rc.command.1.tlog
f:\proj\runbat.exe\runbat\release\runbat.tlog\rc.read.1.tlog
f:\proj\runbat.exe\runbat\release\runbat.tlog\rc.write.1.tlog
f:\proj\runbat.exe\runbat\release\runbat.tlog\runbat.write.1u.tlog
